<?xml version="1.0" encoding="utf-8"?><testsuites name="pytest tests"><testsuite name="pytest" errors="1" failures="0" skipped="0" tests="1" time="16.523" timestamp="2026-09-09T13:21:24.632305+05:30" hostname="dinm5CG5342VCZ"><testcase classname="tests.web.test_home_page" name="test_home_page_loads[chromium]" time="16.281"><error message="failed on setup with &quot;playwright._impl._errors.TargetClosedError: BrowserType.launch: Target page, context or browser has been closed&#10;Browser logs:&#10;&#10;&lt;launching&gt; C:\Program Files (x86)\Microsoft\Edge\Application\msedge.exe --disable-field-trial-config --disable-background-networking --disable-background-timer-throttling --disable-backgrounding-occluded-windows --disable-back-forward-cache --disable-breakpad --disable-client-side-phishing-detection --disable-component-extensions-with-background-pages --disable-component-update --no-default-browser-check --disable-default-apps --disable-dev-shm-usage --disable-edgeupdater --disable-extensions --disable-features=AvoidUnnecessaryBeforeUnloadCheckSync,BoundaryEventDispatchTracksNodeRemoval,DestroyProfileOnBrowserClose,DialMediaRouteProvider,GlobalMediaControls,HttpsUpgrades,LensOverlay,MediaRouter,PaintHolding,ThirdPartyStoragePartitioning,BlockOriginHeaderModificationOnRedirect,Translate,AutoDeElevate,OptimizationHints,msForceBrowserSignIn,msEdgeUpdateLaunchServicesPreferredVersion --enable-features=CDPScreenshotNewSurface --allow-pre-commit-input --disable-hang-monitor --disable-ipc-flooding-protection --disable-popup-blocking --disable-prompt-on-repost --disable-renderer-backgrounding --disable-updater-scheduler --force-color-profile=srgb --metrics-recording-only --no-first-run --password-store=basic --use-mock-keychain --no-service-autorun --export-tagged-pdf --disable-search-engine-choice-screen --unsafely-disable-devtools-self-xss-warnings --edge-skip-compat-layer-relaunch --disable-infobars --disable-search-engine-choice-screen --disable-sync --enable-unsafe-swiftshader --headless --hide-scrollbars --mute-audio --blink-settings=primaryHoverType=2,availableHoverTypes=2,primaryPointerType=4,availablePointerTypes=4 --no-sandbox --user-data-dir=C:\Users\z004fhkp\AppData\Local\Temp\playwright_chromiumdev_profile-6cPaFI --remote-debugging-pipe --no-startup-window&#10;&lt;launched&gt; pid=32128&#10;[pid=32128][err] &#10;[pid=32128][err] DevTools remote debugging is disallowed by the system admin.&#10;[pid=32128][err] [32128:32288:0909/132125.721:ERROR:chrome\browser\ui\startup\startup_browser_creator.cc:1311] Headless mode is disallowed by the system admin.&#10;Call log:&#10;  - &lt;launching&gt; C:\Program Files (x86)\Microsoft\Edge\Application\msedge.exe --disable-field-trial-config --disable-background-networking --disable-background-timer-throttling --disable-backgrounding-occluded-windows --disable-back-forward-cache --disable-breakpad --disable-client-side-phishing-detection --disable-component-extensions-with-background-pages --disable-component-update --no-default-browser-check --disable-default-apps --disable-dev-shm-usage --disable-edgeupdater --disable-extensions --disable-features=AvoidUnnecessaryBeforeUnloadCheckSync,BoundaryEventDispatchTracksNodeRemoval,DestroyProfileOnBrowserClose,DialMediaRouteProvider,GlobalMediaControls,HttpsUpgrades,LensOverlay,MediaRouter,PaintHolding,ThirdPartyStoragePartitioning,BlockOriginHeaderModificationOnRedirect,Translate,AutoDeElevate,OptimizationHints,msForceBrowserSignIn,msEdgeUpdateLaunchServicesPreferredVersion --enable-features=CDPScreenshotNewSurface --allow-pre-commit-input --disable-hang-monitor --disable-ipc-flooding-protection --disable-popup-blocking --disable-prompt-on-repost --disable-renderer-backgrounding --disable-updater-scheduler --force-color-profile=srgb --metrics-recording-only --no-first-run --password-store=basic --use-mock-keychain --no-service-autorun --export-tagged-pdf --disable-search-engine-choice-screen --unsafely-disable-devtools-self-xss-warnings --edge-skip-compat-layer-relaunch --disable-infobars --disable-search-engine-choice-screen --disable-sync --enable-unsafe-swiftshader --headless --hide-scrollbars --mute-audio --blink-settings=primaryHoverType=2,availableHoverTypes=2,primaryPointerType=4,availablePointerTypes=4 --no-sandbox --user-data-dir=C:\Users\z004fhkp\AppData\Local\Temp\playwright_chromiumdev_profile-6cPaFI --remote-debugging-pipe --no-startup-window&#10;  - &lt;launched&gt; pid=32128&#10;  - [pid=32128][err]&#10;  - [pid=32128][err] DevTools remote debugging is disallowed by the system admin.&#10;  - [pid=32128][err] [32128:32288:0909/132125.721:ERROR:chrome\browser\ui\startup\startup_browser_creator.cc:1311] Headless mode is disallowed by the system admin.&#10;  - [pid=32128] &lt;gracefully close start&gt;&#10;  - [pid=32128] &lt;kill&gt;&#10;  - [pid=32128] &lt;will force kill&gt;&#10;  - [pid=32128] taskkill stderr: ERROR: The process &quot;32128&quot; not found.&#10;  - [pid=32128] &lt;process did exit: exitCode=0, signal=null&gt;&#10;  - [pid=32128] starting temporary directories cleanup&#10;  - [pid=32128] finished temporary directories cleanup&#10;  - [pid=32128] &lt;gracefully close end&gt;&quot;">launch_browser = &lt;function launch_browser.&lt;locals&gt;.launch at 0x000002F602BBE4B0&gt;

&gt;   ???

E:\workspace\testautothon-2026\.venv\Lib\site-packages\pytest_playwright\pytest_playwright.py:282: 
_ _ _ _ _ _ _ _ _ _ _ _ _ _ _ _ _ _ _ _ _ _ _ _ _ _ _ _ _ _ _ _ _ _ _ _ _ _ _ _
E:\workspace\testautothon-2026\.venv\Lib\site-packages\pytest_playwright\pytest_playwright.py:274: in launch
    ???
..\.venv\Lib\site-packages\playwright\sync_api\_generated.py:16702: in launch
    self._sync(
..\.venv\Lib\site-packages\playwright\_impl\_browser_type.py:97: in launch
    await self._channel.send(
..\.venv\Lib\site-packages\playwright\_impl\_connection.py:76: in send
    return await self._connection.wrap_api_call(
_ _ _ _ _ _ _ _ _ _ _ _ _ _ _ _ _ _ _ _ _ _ _ _ _ _ _ _ _ _ _ _ _ _ _ _ _ _ _ _

self = &lt;playwright._impl._connection.Connection object at 0x000002F6019F1FD0&gt;
cb = &lt;function Channel.send.&lt;locals&gt;.&lt;lambda&gt; at 0x000002F602B1E980&gt;
is_internal = False, title = None

    async def wrap_api_call(
        self, cb: Callable[[], Any], is_internal: bool = False, title: str = None
    ) -&gt; Any:
        if self._api_zone.get():
            return await cb()
        task = asyncio.current_task(self._loop)
        parsed_st = _attach_api_call_information(
            getattr(task, "__pw_stack__", None) or _capture_stack_trace(),
            is_internal,
            title,
        )
        self._api_zone.set(parsed_st)
        try:
            return await cb()
        except Exception as error:
&gt;           raise rewrite_error(error, f"{parsed_st['apiName']}: {error}") from None
E           playwright._impl._errors.TargetClosedError: BrowserType.launch: Target page, context or browser has been closed
E           Browser logs:
E           
E           &lt;launching&gt; C:\Program Files (x86)\Microsoft\Edge\Application\msedge.exe --disable-field-trial-config --disable-background-networking --disable-background-timer-throttling --disable-backgrounding-occluded-windows --disable-back-forward-cache --disable-breakpad --disable-client-side-phishing-detection --disable-component-extensions-with-background-pages --disable-component-update --no-default-browser-check --disable-default-apps --disable-dev-shm-usage --disable-edgeupdater --disable-extensions --disable-features=AvoidUnnecessaryBeforeUnloadCheckSync,BoundaryEventDispatchTracksNodeRemoval,DestroyProfileOnBrowserClose,DialMediaRouteProvider,GlobalMediaControls,HttpsUpgrades,LensOverlay,MediaRouter,PaintHolding,ThirdPartyStoragePartitioning,BlockOriginHeaderModificationOnRedirect,Translate,AutoDeElevate,OptimizationHints,msForceBrowserSignIn,msEdgeUpdateLaunchServicesPreferredVersion --enable-features=CDPScreenshotNewSurface --allow-pre-commit-input --disable-hang-monitor --disable-ipc-flooding-protection --disable-popup-blocking --disable-prompt-on-repost --disable-renderer-backgrounding --disable-updater-scheduler --force-color-profile=srgb --metrics-recording-only --no-first-run --password-store=basic --use-mock-keychain --no-service-autorun --export-tagged-pdf --disable-search-engine-choice-screen --unsafely-disable-devtools-self-xss-warnings --edge-skip-compat-layer-relaunch --disable-infobars --disable-search-engine-choice-screen --disable-sync --enable-unsafe-swiftshader --headless --hide-scrollbars --mute-audio --blink-settings=primaryHoverType=2,availableHoverTypes=2,primaryPointerType=4,availablePointerTypes=4 --no-sandbox --user-data-dir=C:\Users\z004fhkp\AppData\Local\Temp\playwright_chromiumdev_profile-6cPaFI --remote-debugging-pipe --no-startup-window
E           &lt;launched&gt; pid=32128
E           [pid=32128][err] 
E           [pid=32128][err] DevTools remote debugging is disallowed by the system admin.
E           [pid=32128][err] [32128:32288:0909/132125.721:ERROR:chrome\browser\ui\startup\startup_browser_creator.cc:1311] Headless mode is disallowed by the system admin.
E           Call log:
E             - &lt;launching&gt; C:\Program Files (x86)\Microsoft\Edge\Application\msedge.exe --disable-field-trial-config --disable-background-networking --disable-background-timer-throttling --disable-backgrounding-occluded-windows --disable-back-forward-cache --disable-breakpad --disable-client-side-phishing-detection --disable-component-extensions-with-background-pages --disable-component-update --no-default-browser-check --disable-default-apps --disable-dev-shm-usage --disable-edgeupdater --disable-extensions --disable-features=AvoidUnnecessaryBeforeUnloadCheckSync,BoundaryEventDispatchTracksNodeRemoval,DestroyProfileOnBrowserClose,DialMediaRouteProvider,GlobalMediaControls,HttpsUpgrades,LensOverlay,MediaRouter,PaintHolding,ThirdPartyStoragePartitioning,BlockOriginHeaderModificationOnRedirect,Translate,AutoDeElevate,OptimizationHints,msForceBrowserSignIn,msEdgeUpdateLaunchServicesPreferredVersion --enable-features=CDPScreenshotNewSurface --allow-pre-commit-input --disable-hang-monitor --disable-ipc-flooding-protection --disable-popup-blocking --disable-prompt-on-repost --disable-renderer-backgrounding --disable-updater-scheduler --force-color-profile=srgb --metrics-recording-only --no-first-run --password-store=basic --use-mock-keychain --no-service-autorun --export-tagged-pdf --disable-search-engine-choice-screen --unsafely-disable-devtools-self-xss-warnings --edge-skip-compat-layer-relaunch --disable-infobars --disable-search-engine-choice-screen --disable-sync --enable-unsafe-swiftshader --headless --hide-scrollbars --mute-audio --blink-settings=primaryHoverType=2,availableHoverTypes=2,primaryPointerType=4,availablePointerTypes=4 --no-sandbox --user-data-dir=C:\Users\z004fhkp\AppData\Local\Temp\playwright_chromiumdev_profile-6cPaFI --remote-debugging-pipe --no-startup-window
E             - &lt;launched&gt; pid=32128
E             - [pid=32128][err]
E             - [pid=32128][err] DevTools remote debugging is disallowed by the system admin.
E             - [pid=32128][err] [32128:32288:0909/132125.721:ERROR:chrome\browser\ui\startup\startup_browser_creator.cc:1311] Headless mode is disallowed by the system admin.
E             - [pid=32128] &lt;gracefully close start&gt;
E             - [pid=32128] &lt;kill&gt;
E             - [pid=32128] &lt;will force kill&gt;
E             - [pid=32128] taskkill stderr: ERROR: The process "32128" not found.
E             - [pid=32128] &lt;process did exit: exitCode=0, signal=null&gt;
E             - [pid=32128] starting temporary directories cleanup
E             - [pid=32128] finished temporary directories cleanup
E             - [pid=32128] &lt;gracefully close end&gt;

..\.venv\Lib\site-packages\playwright\_impl\_connection.py:632: TargetClosedError</error></testcase></testsuite></testsuites>