<?xml version="1.0" encoding="utf-8"?><testsuites name="pytest tests"><testsuite name="pytest" errors="0" failures="4" skipped="1" tests="11" time="110.465" timestamp="2026-09-09T14:08:08.509765+05:30" hostname="dinm5CG5342VCZ"><testcase classname="tests.web.test_home_page" name="test_home_page_loads[chromium]" time="8.070"><failure message="AttributeError: 'GajabHomePage' object has no attribute 'title'">page = &lt;Page url='https://stg.gajab.com/'&gt;

    @pytest.mark.web
    @pytest.mark.smoke
    def test_home_page_loads(page):
        home_page = GajabHomePage(page)
        home_page.open(settings.web_base_url)
    
&gt;       assert home_page.title()
               ^^^^^^^^^^^^^^^
E       AttributeError: 'GajabHomePage' object has no attribute 'title'

tests\web\test_home_page.py:14: AttributeError</failure></testcase><testcase classname="tests.web.test_gajab_entry_and_discovery" name="test_gajab_home_exposes_required_discovery_workflow[chromium]" time="7.860"><skipped type="pytest.skip" message="Live Orders feed was unavailable in this staging execution; see the runtime report for the documented fallback.">E:\workspace\Step-In\testautothon-2026\Automation Quest\tests\web\test_gajab_entry_and_discovery.py:21: Live Orders feed was unavailable in this staging execution; see the runtime report for the documented fallback.</skipped></testcase><testcase classname="tests.web.test_gajab_entry_and_discovery" name="test_login_entry_uses_documented_fallback_when_home_guide_blocks_click[chromium]" time="9.649" /><testcase classname="tests.web.test_gajab_entry_and_discovery" name="test_invalid_mobile_number_cannot_request_otp_without_valid_data[chromium-]" time="6.879" /><testcase classname="tests.web.test_gajab_entry_and_discovery" name="test_toys_and_games_category_is_reachable[chromium]" time="9.849" /><testcase classname="tests.web.test_gajab_entry_and_discovery" name="test_language_preference_can_be_selected[chromium-English]" time="7.888"><failure message="AssertionError: Locator expected not to be visible&#10;Actual value: visible &#10;Call log:&#10;  - Expect &quot;not_to_be_visible&quot; with timeout 5000ms&#10;  - waiting for get_by_text(&quot;English&quot;, exact=True)&#10;    14 × locator resolved to &lt;span id=&quot;language-switcher-desktop-current-lang&quot; class=&quot;text-[12px] leading-[16px] font-medium text-[#151C28] italic&quot;&gt;English&lt;/span&gt;&#10;       - unexpected value &quot;visible&quot;&#10;&#10;Aria snapshot:&#10;- text: English">page = &lt;Page url='https://stg.gajab.com/'&gt;, language = 'English'

    @pytest.mark.web
    @pytest.mark.parametrize("language", ["English", "Hinglish"])
    def test_language_preference_can_be_selected(page, language):
        home = GajabHomePage(page)
        home.open(settings.web_base_url)
        home.choose_language(language)
    
&gt;       expect(page.get_by_text(language, exact=True)).not_to_be_visible()
E       AssertionError: Locator expected not to be visible
E       Actual value: visible 
E       Call log:
E         - Expect "not_to_be_visible" with timeout 5000ms
E         - waiting for get_by_text("English", exact=True)
E           14 × locator resolved to &lt;span id="language-switcher-desktop-current-lang" class="text-[12px] leading-[16px] font-medium text-[#151C28] italic"&gt;English&lt;/span&gt;
E              - unexpected value "visible"
E       
E       Aria snapshot:
E       - text: English

tests\web\test_gajab_entry_and_discovery.py:62: AssertionError</failure></testcase><testcase classname="tests.web.test_gajab_entry_and_discovery" name="test_trending_products_expose_bargain_counts_for_leader_selection[chromium]" time="3.443"><failure message="assert []">page = &lt;Page url='https://stg.gajab.com/'&gt;

    @pytest.mark.web
    def test_trending_products_expose_bargain_counts_for_leader_selection(page):
        home = GajabHomePage(page)
        home.open(settings.web_base_url)
        counts = home.trending_bargain_counts()
    
&gt;       assert counts
E       assert []

tests\web\test_gajab_entry_and_discovery.py:71: AssertionError</failure></testcase><testcase classname="tests.web.test_gajab_entry_and_discovery" name="test_invalid_mobile_number_cannot_request_otp_without_valid_data[chromium-123]" time="4.416" /><testcase classname="tests.web.test_gajab_entry_and_discovery" name="test_language_preference_can_be_selected[chromium-Hinglish]" time="38.991"><failure message="playwright._impl._errors.TimeoutError: Locator.click: Timeout 30000ms exceeded.&#10;Call log:&#10;  - waiting for get_by_text(&quot;Hinglish&quot;, exact=True)">page = &lt;Page url='https://stg.gajab.com/'&gt;, language = 'Hinglish'

    @pytest.mark.web
    @pytest.mark.parametrize("language", ["English", "Hinglish"])
    def test_language_preference_can_be_selected(page, language):
        home = GajabHomePage(page)
        home.open(settings.web_base_url)
&gt;       home.choose_language(language)

tests\web\test_gajab_entry_and_discovery.py:60: 
_ _ _ _ _ _ _ _ _ _ _ _ _ _ _ _ _ _ _ _ _ _ _ _ _ _ _ _ _ _ _ _ _ _ _ _ _ _ _ _
src\pages\gajab_pages.py:51: in choose_language
    self.page.get_by_text(language, exact=True).click()
..\.venv\Lib\site-packages\playwright\sync_api\_generated.py:17876: in click
    self._sync(
..\.venv\Lib\site-packages\playwright\_impl\_locator.py:165: in click
    return await self._frame._click(self._selector, strict=True, **params)
           ^^^^^^^^^^^^^^^^^^^^^^^^^^^^^^^^^^^^^^^^^^^^^^^^^^^^^^^^^^^^^^^
..\.venv\Lib\site-packages\playwright\_impl\_frame.py:593: in _click
    await self._channel.send("click", self._timeout, locals_to_params(locals()))
..\.venv\Lib\site-packages\playwright\_impl\_connection.py:76: in send
    return await self._connection.wrap_api_call(
_ _ _ _ _ _ _ _ _ _ _ _ _ _ _ _ _ _ _ _ _ _ _ _ _ _ _ _ _ _ _ _ _ _ _ _ _ _ _ _

self = &lt;playwright._impl._connection.Connection object at 0x0000027ED5E6A510&gt;
cb = &lt;function Channel.send.&lt;locals&gt;.&lt;lambda&gt; at 0x0000027ED745F690&gt;
is_internal = False, title = None

    async def wrap_api_call(
        self, cb: Callable[[], Any], is_internal: bool = False, title: str = None
    ) -&gt; Any:
        if self._api_zone.get():
            return await cb()
        task = asyncio.current_task(self._loop)
        parsed_st = _attach_api_call_information(
            getattr(task, "__pw_stack__", None) or _capture_stack_trace(),
            is_internal,
            title,
        )
        self._api_zone.set(parsed_st)
        try:
            return await cb()
        except Exception as error:
&gt;           raise rewrite_error(error, f"{parsed_st['apiName']}: {error}") from None
E           playwright._impl._errors.TimeoutError: Locator.click: Timeout 30000ms exceeded.
E           Call log:
E             - waiting for get_by_text("Hinglish", exact=True)

..\.venv\Lib\site-packages\playwright\_impl\_connection.py:632: TimeoutError</failure></testcase><testcase classname="tests.web.test_gajab_entry_and_discovery" name="test_invalid_mobile_number_cannot_request_otp_without_valid_data[chromium-abcdefghij]" time="4.259" /><testcase classname="tests.web.test_gajab_entry_and_discovery" name="test_invalid_mobile_number_cannot_request_otp_without_valid_data[chromium-99999999999999999999]" time="8.619" /></testsuite></testsuites>